A D/account////
A D/account_asset////
A D/account_be////
A D/account_credit_limit////
A D/account_de_skr03////
A D/account_dunning////
A D/account_dunning_letter////
A D/account_fr////
A D/account_invoice////
A D/account_invoice_history////
A D/account_invoice_line_standalone////
A D/account_invoice_stock////
A D/account_payment////
A D/account_payment_sepa////
A D/account_product////
A D/account_statement////
A D/account_stock_anglo_saxon////
A D/account_stock_continental////
A D/analytic_account////
A D/analytic_invoice////
A D/analytic_purchase////
A D/analytic_sale////
A D/bank////
A D/calendar////
A D/calendar_classification////
A D/calendar_scheduling////
A D/calendar_todo////
A D/carrier////
A D/carrier_percentage////
A D/carrier_weight////
A D/company////
A D/company_work_time////
A D/country////
A D/currency////
A D/dashboard////
A D/google_maps////
A D/ldap_authentication////
A D/ldap_connection////
A D/party////
A D/party_relationship////
A D/party_siret////
A D/party_vcarddav////
A D/product////
A D/product_attribute////
A D/product_cost_fifo////
A D/product_cost_history////
A D/product_measurements////
A D/product_price_list////
A D/production////
A D/project////
A D/project_invoice////
A D/project_plan////
A D/project_revenue////
A D/proteus////
A D/purchase////
A D/purchase_invoice_line_standalone////
A D/purchase_shipment_cost////
A D/sale////
A D/sale_credit_limit////
A D/sale_invoice_grouping////
A D/sale_opportunity////
A D/sale_price_list////
A D/sale_shipment_cost////
A D/sale_shipment_grouping////
A D/sale_supply////
A D/sale_supply_drop_shipment////
A D/stock////
A D/stock_forecast////
A D/stock_inventory_location////
A D/stock_location_sequence////
A D/stock_lot////
A D/stock_package////
A D/stock_product_location////
A D/stock_split////
A D/stock_supply////
A D/stock_supply_day////
A D/stock_supply_forecast////
A D/stock_supply_production////
A D/timesheet////
A D/timesheet_cost////
A D/tryton////
A D/trytond////
R D/trytond////
R D/tryton////
R D/timesheet_cost////
R D/timesheet////
R D/stock_supply_production////
R D/stock_supply_forecast////
R D/stock_supply_day////
R D/stock_supply////
R D/stock_split////
R D/stock_product_location////
R D/stock_package////
R D/stock_lot////
R D/stock_location_sequence////
R D/stock_inventory_location////
R D/stock_forecast////
R D/stock////
R D/sale_supply_drop_shipment////
R D/sale_supply////
R D/sale_shipment_grouping////
R D/sale_shipment_cost////
R D/sale_price_list////
R D/sale_opportunity////
R D/sale_invoice_grouping////
R D/sale_credit_limit////
R D/sale////
R D/purchase_shipment_cost////
R D/purchase_invoice_line_standalone////
R D/purchase////
R D/proteus////
R D/project_revenue////
R D/project_plan////
R D/project_invoice////
R D/project////
R D/production////
R D/product_price_list////
R D/product_measurements////
R D/product_cost_history////
R D/product_cost_fifo////
R D/product_attribute////
R D/product////
R D/party_vcarddav////
R D/party_siret////
R D/party_relationship////
R D/party////
R D/ldap_connection////
R D/ldap_authentication////
R D/google_maps////
R D/dashboard////
R D/currency////
R D/country////
R D/company_work_time////
R D/company////
R D/carrier_weight////
R D/carrier_percentage////
R D/carrier////
R D/calendar_todo////
R D/calendar_scheduling////
R D/calendar_classification////
R D/calendar////
R D/bank////
R D/analytic_sale////
R D/analytic_purchase////
R D/analytic_invoice////
R D/analytic_account////
R D/account_stock_continental////
R D/account_stock_anglo_saxon////
R D/account_statement////
R D/account_product////
R D/account_payment_sepa////
R D/account_payment////
R D/account_invoice_stock////
R D/account_invoice_line_standalone////
R D/account_invoice_history////
R D/account_invoice////
R D/account_fr////
R D/account_dunning_letter////
R D/account_dunning////
R D/account_de_skr03////
R D/account_credit_limit////
R D/account_be////
R D/account_asset////
R D/account////
